<?xml version="1.0" encoding="UTF-8"?>
<!-- Generated by org.testng.reporters.JUnitXMLReporter -->
<testsuite ignored="0" hostname="DeepikaRajesh" failures="0" tests="1" name="Test-2" time="31.722" errors="0" timestamp="20 Feb 2025 07:32:04 GMT">
  <testcase classname="com.comcast.crm.orgtest.CreateOrgTest" name="createOrgTest" time="31.704"/>
</testsuite> <!-- Test-2 -->
