<?xml version="1.0" encoding="UTF-8"?>
<!-- Generated by org.testng.reporters.JUnitXMLReporter -->
<testsuite ignored="0" hostname="DeepikaRajesh" failures="0" tests="3" name="Test-1" time="84.732" errors="0" timestamp="20 Feb 2025 07:32:57 GMT">
  <testcase classname="com.comcast.crm.contacttest.CreateContactTest" name="createContactTest" time="15.994"/>
  <testcase classname="com.comcast.crm.contacttest.CreateContactTest" name="createContactWithOrgTest" time="31.114"/>
  <testcase classname="com.comcast.crm.contacttest.CreateContactTest" name="createContactWithSupportDateTest" time="15.56"/>
</testsuite> <!-- Test-1 -->
