<?xml version="1.0" encoding="UTF-8"?>
<!-- Generated by org.testng.reporters.JUnitReportReporter -->
<testsuite hostname="DeepikaRajesh" failures="0" tests="1" name="com.comcast.crm.orgtest.CreateOrgTest" time="22.591" errors="0" timestamp="26 Feb 2025 10:44:46 GMT" skipped="0">
  <testcase classname="com.comcast.crm.orgtest.CreateOrgTest" name="createOrgTest" time="22.591"/>
</testsuite> <!-- com.comcast.crm.orgtest.CreateOrgTest -->
