<?xml version="1.0" encoding="UTF-8"?>
<!-- Generated by org.testng.reporters.JUnitReportReporter -->
<testsuite hostname="DeepikaRajesh" failures="0" tests="3" name="com.comcast.crm.contacttest.CreateContactTest" time="140.868" errors="0" timestamp="26 Feb 2025 07:33:51 GMT" skipped="0">
  <testcase classname="com.comcast.crm.contacttest.CreateContactTest" name="createContactWithOrgTest" time="64.019"/>
  <testcase classname="com.comcast.crm.contacttest.CreateContactTest" name="createContactTest" time="52.320"/>
  <testcase classname="com.comcast.crm.contacttest.CreateContactTest" name="createContactWithSupportDateTest" time="24.529"/>
</testsuite> <!-- com.comcast.crm.contacttest.CreateContactTest -->
