<?xml version="1.0" encoding="UTF-8"?>
<!-- Generated by org.testng.reporters.JUnitReportReporter -->
<testsuite hostname="DeepikaRajesh" failures="0" tests="2" name="practice.test.ABC" time="0.009" errors="0" timestamp="26 Feb 2025 11:23:04 GMT" skipped="0">
  <testcase classname="practice.test.ABC" name="m2" time="0.002"/>
  <testcase classname="practice.test.ABC" name="m1" time="0.007"/>
</testsuite> <!-- practice.test.ABC -->
