<?xml version="1.0" encoding="UTF-8"?>
<!-- Generated by org.testng.reporters.JUnitReportReporter -->
<testsuite hostname="DeepikaRajesh" failures="0" tests="3" name="practice.test.GetProductInfoTest" time="85.476" errors="0" timestamp="18 Feb 2025 07:56:06 GMT" skipped="0">
  <testcase classname="practice.test.GetProductInfoTest" name="getProductInfoTest" time="36.451"/>
  <testcase classname="practice.test.GetProductInfoTest" name="getProductInfoTest" time="22.039"/>
  <testcase classname="practice.test.GetProductInfoTest" name="getProductInfoTest" time="26.986"/>
</testsuite> <!-- practice.test.GetProductInfoTest -->
